This is pdfTeX, Version 3.14159265-2.6-1.40.19 (MiKTeX 2.9.6840 64-bit) (preloaded format=pdflatex 2018.10.29)  29 OCT 2018 20:16
entering extended mode
**./hw1_sol.tex
(hw1_sol.tex
LaTeX2e <2018-04-01> patch level 5

("C:\Users\Gajan Nagaraj\AppData\Local\Programs\MiKTeX 2.9\tex\latex\base\artic
le.cls"
Document Class: article 2014/09/29 v1.4h Standard LaTeX document class

("C:\Users\Gajan Nagaraj\AppData\Local\Programs\MiKTeX 2.9\tex\latex\base\size1
1.clo"
File: size11.clo 2014/09/29 v1.4h Standard LaTeX file (size option)
)
\c@part=\count80
\c@section=\count81
\c@subsection=\count82
\c@subsubsection=\count83
\c@paragraph=\count84
\c@subparagraph=\count85
\c@figure=\count86
\c@table=\count87
\abovecaptionskip=\skip41
\belowcaptionskip=\skip42
\bibindent=\dimen102
)
("C:\Users\Gajan Nagaraj\AppData\Local\Programs\MiKTeX 2.9\tex\latex\enumitem\e
numitem.sty"
Package: enumitem 2011/09/28 v3.5.2 Customized lists
\enitkv@toks@=\toks14
\labelindent=\skip43
\enit@outerparindent=\dimen103
\enit@toks=\toks15
\enit@inbox=\box26
\enitdp@description=\count88
)
("C:\Users\Gajan Nagaraj\AppData\Local\Programs\MiKTeX 2.9\tex\latex\xcolor\xco
lor.sty"
Package: xcolor 2016/05/11 v2.12 LaTeX color extensions (UK)

("C:\Users\Gajan Nagaraj\AppData\Local\Programs\MiKTeX 2.9\tex\latex\graphics-c
fg\color.cfg"
File: color.cfg 2016/01/02 v1.6 sample color configuration
)
Package xcolor Info: Package option `usenames' ignored on input line 216.
Package xcolor Info: Driver file: pdftex.def on input line 225.

("C:\Users\Gajan Nagaraj\AppData\Local\Programs\MiKTeX 2.9\tex\latex\graphics-d
ef\pdftex.def"
File: pdftex.def 2018/01/08 v1.0l Graphics/color driver for pdftex
)
("C:\Users\Gajan Nagaraj\AppData\Local\Programs\MiKTeX 2.9\tex\latex\colortbl\c
olortbl.sty"
Package: colortbl 2018/05/02 v1.0c Color table columns (DPC)

("C:\Users\Gajan Nagaraj\AppData\Local\Programs\MiKTeX 2.9\tex\latex\tools\arra
y.sty"
Package: array 2018/04/30 v2.4h Tabular extension package (FMi)
\col@sep=\dimen104
\ar@mcellbox=\box27
\extrarowheight=\dimen105
\NC@list=\toks16
\extratabsurround=\skip44
\backup@length=\skip45
\ar@cellbox=\box28
)
\everycr=\toks17
\minrowclearance=\skip46
)
\rownum=\count89
Package xcolor Info: Model `cmy' substituted by `cmy0' on input line 1348.
Package xcolor Info: Model `hsb' substituted by `rgb' on input line 1352.
Package xcolor Info: Model `RGB' extended on input line 1364.
Package xcolor Info: Model `HTML' substituted by `rgb' on input line 1366.
Package xcolor Info: Model `Hsb' substituted by `hsb' on input line 1367.
Package xcolor Info: Model `tHsb' substituted by `hsb' on input line 1368.
Package xcolor Info: Model `HSB' substituted by `hsb' on input line 1369.
Package xcolor Info: Model `Gray' substituted by `gray' on input line 1370.
Package xcolor Info: Model `wave' substituted by `hsb' on input line 1371.

("C:\Users\Gajan Nagaraj\AppData\Local\Programs\MiKTeX 2.9\tex\latex\graphics\d
vipsnam.def"
File: dvipsnam.def 2016/06/17 v3.0m Driver-dependent file (DPC,SPQR)
)
("C:\Users\Gajan Nagaraj\AppData\Local\Programs\MiKTeX 2.9\tex\latex\xcolor\svg
nam.def"
File: svgnam.def 2016/05/11 v2.12 Predefined colors according to SVG 1.1 (UK)
))
("C:\Users\Gajan Nagaraj\AppData\Local\Programs\MiKTeX 2.9\tex\latex\graphics\g
raphicx.sty"
Package: graphicx 2017/06/01 v1.1a Enhanced LaTeX Graphics (DPC,SPQR)

("C:\Users\Gajan Nagaraj\AppData\Local\Programs\MiKTeX 2.9\tex\latex\graphics\k
eyval.sty"
Package: keyval 2014/10/28 v1.15 key=value parser (DPC)
\KV@toks@=\toks18
)
("C:\Users\Gajan Nagaraj\AppData\Local\Programs\MiKTeX 2.9\tex\latex\graphics\g
raphics.sty"
Package: graphics 2017/06/25 v1.2c Standard LaTeX Graphics (DPC,SPQR)

("C:\Users\Gajan Nagaraj\AppData\Local\Programs\MiKTeX 2.9\tex\latex\graphics\t
rig.sty"
Package: trig 2016/01/03 v1.10 sin cos tan (DPC)
)
("C:\Users\Gajan Nagaraj\AppData\Local\Programs\MiKTeX 2.9\tex\latex\graphics-c
fg\graphics.cfg"
File: graphics.cfg 2016/06/04 v1.11 sample graphics configuration
)
Package graphics Info: Driver file: pdftex.def on input line 99.
)
\Gin@req@height=\dimen106
\Gin@req@width=\dimen107
)
("C:\Users\Gajan Nagaraj\AppData\Local\Programs\MiKTeX 2.9\tex\latex\amsmath\am
smath.sty"
Package: amsmath 2017/09/02 v2.17a AMS math features
\@mathmargin=\skip47

For additional information on amsmath, use the `?' option.

("C:\Users\Gajan Nagaraj\AppData\Local\Programs\MiKTeX 2.9\tex\latex\amsmath\am
stext.sty"
Package: amstext 2000/06/29 v2.01 AMS text

("C:\Users\Gajan Nagaraj\AppData\Local\Programs\MiKTeX 2.9\tex\latex\amsmath\am
sgen.sty"
File: amsgen.sty 1999/11/30 v2.0 generic functions
\@emptytoks=\toks19
\ex@=\dimen108
))
("C:\Users\Gajan Nagaraj\AppData\Local\Programs\MiKTeX 2.9\tex\latex\amsmath\am
sbsy.sty"
Package: amsbsy 1999/11/29 v1.2d Bold Symbols
\pmbraise@=\dimen109
)
("C:\Users\Gajan Nagaraj\AppData\Local\Programs\MiKTeX 2.9\tex\latex\amsmath\am
sopn.sty"
Package: amsopn 2016/03/08 v2.02 operator names
)
\inf@bad=\count90
LaTeX Info: Redefining \frac on input line 213.
\uproot@=\count91
\leftroot@=\count92
LaTeX Info: Redefining \overline on input line 375.
\classnum@=\count93
\DOTSCASE@=\count94
LaTeX Info: Redefining \ldots on input line 472.
LaTeX Info: Redefining \dots on input line 475.
LaTeX Info: Redefining \cdots on input line 596.
\Mathstrutbox@=\box29
\strutbox@=\box30
\big@size=\dimen110
LaTeX Font Info:    Redeclaring font encoding OML on input line 712.
LaTeX Font Info:    Redeclaring font encoding OMS on input line 713.
\macc@depth=\count95
\c@MaxMatrixCols=\count96
\dotsspace@=\muskip10
\c@parentequation=\count97
\dspbrk@lvl=\count98
\tag@help=\toks20
\row@=\count99
\column@=\count100
\maxfields@=\count101
\andhelp@=\toks21
\eqnshift@=\dimen111
\alignsep@=\dimen112
\tagshift@=\dimen113
\tagwidth@=\dimen114
\totwidth@=\dimen115
\lineht@=\dimen116
\@envbody=\toks22
\multlinegap=\skip48
\multlinetaggap=\skip49
\mathdisplay@stack=\toks23
LaTeX Info: Redefining \[ on input line 2817.
LaTeX Info: Redefining \] on input line 2818.
)
("C:\Users\Gajan Nagaraj\AppData\Local\Programs\MiKTeX 2.9\tex\latex\amsfonts\a
mssymb.sty"
Package: amssymb 2013/01/14 v3.01 AMS font symbols

("C:\Users\Gajan Nagaraj\AppData\Local\Programs\MiKTeX 2.9\tex\latex\amsfonts\a
msfonts.sty"
Package: amsfonts 2013/01/14 v3.01 Basic AMSFonts support
\symAMSa=\mathgroup4
\symAMSb=\mathgroup5
LaTeX Font Info:    Overwriting math alphabet `\mathfrak' in version `bold'
(Font)                  U/euf/m/n --> U/euf/b/n on input line 106.
)) (hw1_sol.aux)
\openout1 = `hw1_sol.aux'.

LaTeX Font Info:    Checking defaults for OML/cmm/m/it on input line 20.
LaTeX Font Info:    ... okay on input line 20.
LaTeX Font Info:    Checking defaults for T1/cmr/m/n on input line 20.
LaTeX Font Info:    ... okay on input line 20.
LaTeX Font Info:    Checking defaults for OT1/cmr/m/n on input line 20.
LaTeX Font Info:    ... okay on input line 20.
LaTeX Font Info:    Checking defaults for OMS/cmsy/m/n on input line 20.
LaTeX Font Info:    ... okay on input line 20.
LaTeX Font Info:    Checking defaults for OMX/cmex/m/n on input line 20.
LaTeX Font Info:    ... okay on input line 20.
LaTeX Font Info:    Checking defaults for U/cmr/m/n on input line 20.
LaTeX Font Info:    ... okay on input line 20.

("C:\Users\Gajan Nagaraj\AppData\Local\Programs\MiKTeX 2.9\tex\context\base\sup
p-pdf.mkii"
[Loading MPS to PDF converter (version 2006.09.02).]
\scratchcounter=\count102
\scratchdimen=\dimen117
\scratchbox=\box31
\nofMPsegments=\count103
\nofMParguments=\count104
\everyMPshowfont=\toks24
\MPscratchCnt=\count105
\MPscratchDim=\dimen118
\MPnumerator=\count106
\makeMPintoPDFobject=\count107
\everyMPtoPDFconversion=\toks25
)
("C:\Users\Gajan Nagaraj\AppData\Local\Programs\MiKTeX 2.9\tex\latex\oberdiek\e
pstopdf-base.sty"
Package: epstopdf-base 2016/05/15 v2.6 Base part for package epstopdf

("C:\Users\Gajan Nagaraj\AppData\Local\Programs\MiKTeX 2.9\tex\generic\oberdiek
\infwarerr.sty"
Package: infwarerr 2016/05/16 v1.4 Providing info/warning/error messages (HO)
)
("C:\Users\Gajan Nagaraj\AppData\Local\Programs\MiKTeX 2.9\tex\latex\oberdiek\g
rfext.sty"
Package: grfext 2016/05/16 v1.2 Manage graphics extensions (HO)

("C:\Users\Gajan Nagaraj\AppData\Local\Programs\MiKTeX 2.9\tex\generic\oberdiek
\kvdefinekeys.sty"
Package: kvdefinekeys 2016/05/16 v1.4 Define keys (HO)

("C:\Users\Gajan Nagaraj\AppData\Local\Programs\MiKTeX 2.9\tex\generic\oberdiek
\ltxcmds.sty"
Package: ltxcmds 2016/05/16 v1.23 LaTeX kernel commands for general use (HO)
)))
("C:\Users\Gajan Nagaraj\AppData\Local\Programs\MiKTeX 2.9\tex\latex\oberdiek\k
voptions.sty"
Package: kvoptions 2016/05/16 v3.12 Key value format for package options (HO)

("C:\Users\Gajan Nagaraj\AppData\Local\Programs\MiKTeX 2.9\tex\generic\oberdiek
\kvsetkeys.sty"
Package: kvsetkeys 2016/05/16 v1.17 Key value parser (HO)

("C:\Users\Gajan Nagaraj\AppData\Local\Programs\MiKTeX 2.9\tex\generic\oberdiek
\etexcmds.sty"
Package: etexcmds 2016/05/16 v1.6 Avoid name clashes with e-TeX commands (HO)

("C:\Users\Gajan Nagaraj\AppData\Local\Programs\MiKTeX 2.9\tex\generic\oberdiek
\ifluatex.sty"
Package: ifluatex 2016/05/16 v1.4 Provides the ifluatex switch (HO)
Package ifluatex Info: LuaTeX not detected.
)
Package etexcmds Info: Could not find \expanded.
(etexcmds)             That can mean that you are not using pdfTeX 1.50 or
(etexcmds)             that some package has redefined \expanded.
(etexcmds)             In the latter case, load this package earlier.
)))
("C:\Users\Gajan Nagaraj\AppData\Local\Programs\MiKTeX 2.9\tex\generic\oberdiek
\pdftexcmds.sty"
Package: pdftexcmds 2018/09/10 v0.29 Utility functions of pdfTeX for LuaTeX (HO
)

("C:\Users\Gajan Nagaraj\AppData\Local\Programs\MiKTeX 2.9\tex\generic\oberdiek
\ifpdf.sty"
Package: ifpdf 2018/09/07 v3.3 Provides the ifpdf switch
)
Package pdftexcmds Info: LuaTeX not detected.
Package pdftexcmds Info: \pdf@primitive is available.
Package pdftexcmds Info: \pdf@ifprimitive is available.
Package pdftexcmds Info: \pdfdraftmode found.
)
Package epstopdf-base Info: Redefining graphics rule for `.eps' on input line 4
38.
Package grfext Info: Graphics extension search list:
(grfext)             [.pdf,.png,.jpg,.mps,.jpeg,.jbig2,.jb2,.PDF,.PNG,.JPG,.JPE
G,.JBIG2,.JB2,.eps]
(grfext)             \AppendGraphicsExtensions on input line 456.
)
LaTeX Font Info:    Try loading font information for U+msa on input line 24.

("C:\Users\Gajan Nagaraj\AppData\Local\Programs\MiKTeX 2.9\tex\latex\amsfonts\u
msa.fd"
File: umsa.fd 2013/01/14 v3.01 AMS symbols A
)
LaTeX Font Info:    Try loading font information for U+msb on input line 24.

("C:\Users\Gajan Nagaraj\AppData\Local\Programs\MiKTeX 2.9\tex\latex\amsfonts\u
msb.fd"
File: umsb.fd 2013/01/14 v3.01 AMS symbols B
) [1

{C:/Users/Gajan Nagaraj/AppData/Local/MiKTeX/2.9/pdftex/config/pdftex.map}] [2]
 [3]
<./images/1.png, id=24, 462.528pt x 346.896pt>
File: ./images/1.png Graphic file (type png)
<use ./images/1.png>
Package pdftex.def Info: ./images/1.png  used on input line 69.
(pdftex.def)             Requested size: 231.26343pt x 173.44757pt.
<./images/2.png, id=26, 462.528pt x 346.896pt>
File: ./images/2.png Graphic file (type png)
<use ./images/2.png>
Package pdftex.def Info: ./images/2.png  used on input line 72.
(pdftex.def)             Requested size: 231.26343pt x 173.44757pt.

Overfull \hbox (27.37506pt too wide) in paragraph at lines 66--74
[] 
 []


Overfull \hbox (27.37506pt too wide) in paragraph at lines 66--74
[] 
 []


Underfull \hbox (badness 10000) in paragraph at lines 66--74

 []

[4 <./images/1.png> <./images/2.png>]
<./images/3.png, id=32, 462.528pt x 346.896pt>
File: ./images/3.png Graphic file (type png)
<use ./images/3.png>
Package pdftex.def Info: ./images/3.png  used on input line 76.
(pdftex.def)             Requested size: 231.26343pt x 173.44757pt.
<./images/4.png, id=33, 462.528pt x 346.896pt>
File: ./images/4.png Graphic file (type png)
<use ./images/4.png>
Package pdftex.def Info: ./images/4.png  used on input line 79.
(pdftex.def)             Requested size: 231.26343pt x 173.44757pt.

Overfull \hbox (27.37506pt too wide) in paragraph at lines 75--81
[] 
 []


Overfull \hbox (27.37506pt too wide) in paragraph at lines 75--81
[] 
 []


Underfull \hbox (badness 10000) in paragraph at lines 75--81

 []

[5 <./images/3.png> <./images/4.png>]
<./images/5.png, id=39, 462.528pt x 346.896pt>
File: ./images/5.png Graphic file (type png)
<use ./images/5.png>
Package pdftex.def Info: ./images/5.png  used on input line 83.
(pdftex.def)             Requested size: 231.26343pt x 173.44757pt.
<./images/6.png, id=40, 462.528pt x 346.896pt>
File: ./images/6.png Graphic file (type png)
<use ./images/6.png>
Package pdftex.def Info: ./images/6.png  used on input line 86.
(pdftex.def)             Requested size: 231.26343pt x 173.44757pt.

Overfull \hbox (27.37506pt too wide) in paragraph at lines 82--88
[] 
 []


Overfull \hbox (27.37506pt too wide) in paragraph at lines 82--88
[] 
 []


Underfull \hbox (badness 10000) in paragraph at lines 82--88

 []

[6 <./images/5.png> <./images/6.png>]
<./images/7.png, id=46, 462.528pt x 346.896pt>
File: ./images/7.png Graphic file (type png)
<use ./images/7.png>
Package pdftex.def Info: ./images/7.png  used on input line 90.
(pdftex.def)             Requested size: 231.26343pt x 173.44757pt.

Overfull \hbox (27.37506pt too wide) in paragraph at lines 89--92
[] 
 []


Underfull \hbox (badness 10000) in paragraph at lines 101--107

 []

LaTeX Font Info:    Try loading font information for OMS+cmr on input line 113.


("C:\Users\Gajan Nagaraj\AppData\Local\Programs\MiKTeX 2.9\tex\latex\base\omscm
r.fd"
File: omscmr.fd 2014/09/29 v2.5h Standard LaTeX font definitions
)
LaTeX Font Info:    Font shape `OMS/cmr/m/n' in size <10.95> not available
(Font)              Font shape `OMS/cmsy/m/n' tried instead on input line 113.
 [7 <./images/7.png>]
<./images/Figure_1.png, id=52, 462.528pt x 346.896pt>
File: ./images/Figure_1.png Graphic file (type png)
<use ./images/Figure_1.png>
Package pdftex.def Info: ./images/Figure_1.png  used on input line 135.
(pdftex.def)             Requested size: 231.26343pt x 173.44757pt.

Overfull \hbox (27.37506pt too wide) in paragraph at lines 132--137
[]
 []

<./images/Figure_2.png, id=53, 462.528pt x 346.896pt>
File: ./images/Figure_2.png Graphic file (type png)
<use ./images/Figure_2.png>
Package pdftex.def Info: ./images/Figure_2.png  used on input line 141.
(pdftex.def)             Requested size: 231.26343pt x 173.44757pt.

Overfull \hbox (27.37506pt too wide) in paragraph at lines 138--143
[]
 []

[8 <./images/Figure_1.png>]
<./images/Figure_3.png, id=58, 462.528pt x 346.896pt>
File: ./images/Figure_3.png Graphic file (type png)
<use ./images/Figure_3.png>
Package pdftex.def Info: ./images/Figure_3.png  used on input line 147.
(pdftex.def)             Requested size: 231.26343pt x 173.44757pt.

Overfull \hbox (27.37506pt too wide) in paragraph at lines 144--149
[]
 []

[9 <./images/Figure_2.png> <./images/Figure_3.png>] [10] (hw1_sol.aux) ) 
Here is how much of TeX's memory you used:
 3439 strings out of 492970
 48677 string characters out of 3123039
 124127 words of memory out of 3000000
 7251 multiletter control sequences out of 15000+200000
 11045 words of font info for 42 fonts, out of 3000000 for 9000
 1141 hyphenation exceptions out of 8191
 41i,7n,35p,619b,313s stack positions out of 5000i,500n,10000p,200000b,50000s
<C:/Use
rs/Gajan Nagaraj/AppData/Local/Programs/MiKTeX 2.9/fonts/type1/public/amsfonts/
cm/cmbx10.pfb><C:/Users/Gajan Nagaraj/AppData/Local/Programs/MiKTeX 2.9/fonts/t
ype1/public/amsfonts/cm/cmbx12.pfb><C:/Users/Gajan Nagaraj/AppData/Local/Progra
ms/MiKTeX 2.9/fonts/type1/public/amsfonts/cm/cmex10.pfb><C:/Users/Gajan Nagaraj
/AppData/Local/Programs/MiKTeX 2.9/fonts/type1/public/amsfonts/cm/cmmi10.pfb><C
:/Users/Gajan Nagaraj/AppData/Local/Programs/MiKTeX 2.9/fonts/type1/public/amsf
onts/cm/cmmi6.pfb><C:/Users/Gajan Nagaraj/AppData/Local/Programs/MiKTeX 2.9/fon
ts/type1/public/amsfonts/cm/cmmi8.pfb><C:/Users/Gajan Nagaraj/AppData/Local/Pro
grams/MiKTeX 2.9/fonts/type1/public/amsfonts/cm/cmr10.pfb><C:/Users/Gajan Nagar
aj/AppData/Local/Programs/MiKTeX 2.9/fonts/type1/public/amsfonts/cm/cmr12.pfb><
C:/Users/Gajan Nagaraj/AppData/Local/Programs/MiKTeX 2.9/fonts/type1/public/ams
fonts/cm/cmr17.pfb><C:/Users/Gajan Nagaraj/AppData/Local/Programs/MiKTeX 2.9/fo
nts/type1/public/amsfonts/cm/cmr8.pfb><C:/Users/Gajan Nagaraj/AppData/Local/Pro
grams/MiKTeX 2.9/fonts/type1/public/amsfonts/cm/cmsy10.pfb><C:/Users/Gajan Naga
raj/AppData/Local/Programs/MiKTeX 2.9/fonts/type1/public/amsfonts/cm/cmsy8.pfb>
<C:/Users/Gajan Nagaraj/AppData/Local/Programs/MiKTeX 2.9/fonts/type1/public/am
sfonts/symbols/msam10.pfb>
Output written on hw1_sol.pdf (10 pages, 300039 bytes).
PDF statistics:
 108 PDF objects out of 1000 (max. 8388607)
 0 named destinations out of 1000 (max. 500000)
 51 words of extra memory for PDF output out of 10000 (max. 10000000)

